#
# A fatal error has been detected by the Java Runtime Environment:
#
#  EXCEPTION_ACCESS_VIOLATION (0xc0000005) at pc=0x06ac595b, pid=5580, tid=2100
#
# JRE version: 6.0_26-b03
# Java VM: Java HotSpot(TM) Client VM (20.1-b02 mixed mode, sharing windows-x86 )
# Problematic frame:
# C  [ig4icd32.dll+0x56595b]
#
# If you would like to submit a bug report, please visit:
#   http://java.sun.com/webapps/bugreport/crash.jsp
# The crash happened outside the Java Virtual Machine in native code.
# See problematic frame for where to report the bug.
#

---------------  T H R E A D  ---------------

Current thread (0x03ea3c00):  JavaThread "Animation Thread" [_thread_in_native, id=2100, stack(0x047b0000,0x04800000)]

siginfo: ExceptionCode=0xc0000005, writing address 0x00000000

Registers:
EAX=0x08476e80, EBX=0x00000000, ECX=0x083415e8, EDX=0x00000008
ESP=0x047ff5dc, EBP=0x00000002, ESI=0x00000000, EDI=0x071f8780
EIP=0x06ac595b, EFLAGS=0x00010202

Top of Stack: (sp=0x047ff5dc)
0x047ff5dc:   00000002 00000000 06ac5a64 41fc0000
0x047ff5ec:   43276600 083415e8 06ac0884 00000000
0x047ff5fc:   08349178 06ac07e0 083415e8 0834027f
0x047ff60c:   00000000 083415e8 06abf5d4 00000000
0x047ff61c:   00000003 083415e8 0846fdc0 00fc8703
0x047ff62c:   065f1da4 00000002 00fc8703 00000000
0x047ff63c:   065f1cc0 00080038 065f258c 083415e8
0x047ff64c:   065dfce3 03ea3c00 083415e8 047ff678 

Instructions: (pc=0x06ac595b)
0x06ac593b:   05 00 d8 60 04 de e9 eb 09 d9 81 2c 26 05 00 d8
0x06ac594b:   60 04 d9 5c 24 10 83 c2 04 d9 44 24 0c 83 c2 04
0x06ac595b:   d9 5a f8 83 c2 04 d9 44 24 10 83 c2 04 d9 5a f4
0x06ac596b:   8b 89 0c 71 00 00 8b 41 04 8b 04 b0 0f af 41 08 


Register to memory mapping:

EAX=0x08476e80 is an unknown value
EBX=0x00000000 is an unknown value
ECX=0x083415e8 is an unknown value
EDX=0x00000008 is an unknown value
ESP=0x047ff5dc is pointing into the stack for thread: 0x03ea3c00
EBP=0x00000002 is an unknown value
ESI=0x00000000 is an unknown value
EDI=0x071f8780 is an unknown value


Stack: [0x047b0000,0x04800000],  sp=0x047ff5dc,  free space=317k
Native frames: (J=compiled Java code, j=interpreted, Vv=VM code, C=native code)
C  [ig4icd32.dll+0x56595b]  ShCompile+0x11543b

Java frames: (J=compiled Java code, j=interpreted, Vv=VM code)
J  com.sun.opengl.impl.GLImpl.glEnable(I)V
J  processing.opengl.PGraphicsOpenGL.renderTriangles(II)V
J  processing.core.PGraphics3D.endShape(I)V
J  processing.core.PGraphics.imageImpl(Lprocessing/core/PImage;FFFFIIII)V
j  processing.core.PGraphics.image(Lprocessing/core/PImage;FF)V+128
j  processing.core.PApplet.image(Lprocessing/core/PImage;FF)V+24
j  edu.ucsc.leeps.fire.cong.client.gui.Slider.draw(Ledu/ucsc/leeps/fire/cong/client/Client;)V+330
j  edu.ucsc.leeps.fire.cong.client.gui.OneStrategyStripSelector.draw(Ledu/ucsc/leeps/fire/cong/client/Client;)V+429
j  edu.ucsc.leeps.fire.cong.client.Client.doDraw()V+245
j  edu.ucsc.leeps.fire.cong.client.Client.draw()V+1
j  processing.core.PApplet.handleDraw()V+145
j  processing.core.PApplet.run()V+51
j  java.lang.Thread.run()V+11
v  ~StubRoutines::call_stub

---------------  P R O C E S S  ---------------

Java Threads: ( => current thread )
  0x03f44400 JavaThread "RMI TCP Connection(3)-192.168.1.4" daemon [_thread_in_native, id=1236, stack(0x04ed0000,0x04f20000)]
  0x03f43c00 JavaThread "Thread-6" [_thread_blocked, id=4924, stack(0x05110000,0x05160000)]
  0x03f43400 JavaThread "DestroyJavaVM" [_thread_blocked, id=5700, stack(0x002b0000,0x00300000)]
  0x03f43000 JavaThread "RMI TCP Connection(2)-192.168.1.4" daemon [_thread_in_native, id=5056, stack(0x05750000,0x057a0000)]
  0x03f42800 JavaThread "RMI TCP Connection(1)-192.168.1.4" daemon [_thread_in_Java, id=260, stack(0x05700000,0x05750000)]
  0x03f42400 JavaThread "Thread-5" [_thread_blocked, id=2128, stack(0x056b0000,0x05700000)]
  0x03f41c00 JavaThread "Thread-3" [_thread_blocked, id=4784, stack(0x05660000,0x056b0000)]
  0x03e2c800 JavaThread "AWT-EventQueue-0" [_thread_blocked, id=592, stack(0x05610000,0x05660000)]
=>0x03ea3c00 JavaThread "Animation Thread" [_thread_in_native, id=2100, stack(0x047b0000,0x04800000)]
  0x03e2b800 JavaThread "AWT-Shutdown" [_thread_blocked, id=628, stack(0x04760000,0x047b0000)]
  0x03e32400 JavaThread "RMI Reaper" [_thread_blocked, id=2184, stack(0x04710000,0x04760000)]
  0x03e2e400 JavaThread "RMI TCP Accept-0" daemon [_thread_in_native, id=3260, stack(0x04530000,0x04580000)]
  0x03e64800 JavaThread "GC Daemon" daemon [_thread_blocked, id=3104, stack(0x044e0000,0x04530000)]
  0x03e64000 JavaThread "RMI RenewClean-[192.168.1.4:1198,gnu.cajo.invoke.Remote$RCSF@dd2458]" daemon [_thread_blocked, id=3176, stack(0x04400000,0x04450000)]
  0x03eb2400 JavaThread "RMI Scheduler(0)" daemon [_thread_blocked, id=1328, stack(0x04330000,0x04380000)]
  0x03e3bc00 JavaThread "AWT-Windows" daemon [_thread_in_native, id=1340, stack(0x042e0000,0x04330000)]
  0x03e38c00 JavaThread "Java2D Disposer" daemon [_thread_blocked, id=5320, stack(0x040d0000,0x04120000)]
  0x019a8400 JavaThread "Low Memory Detector" daemon [_thread_blocked, id=4292, stack(0x03d30000,0x03d80000)]
  0x01999800 JavaThread "C1 CompilerThread0" daemon [_thread_blocked, id=5900, stack(0x03ce0000,0x03d30000)]
  0x01998400 JavaThread "Attach Listener" daemon [_thread_blocked, id=3900, stack(0x03c90000,0x03ce0000)]
  0x01995400 JavaThread "Signal Dispatcher" daemon [_thread_blocked, id=5180, stack(0x03c40000,0x03c90000)]
  0x0198e800 JavaThread "Finalizer" daemon [_thread_blocked, id=1432, stack(0x03bf0000,0x03c40000)]
  0x0198d400 JavaThread "Reference Handler" daemon [_thread_blocked, id=4236, stack(0x03ba0000,0x03bf0000)]

Other Threads:
  0x01951000 VMThread [stack: 0x03b50000,0x03ba0000] [id=3948]
  0x019aa000 WatcherThread [stack: 0x03d80000,0x03dd0000] [id=1112]

VM state:not at safepoint (normal execution)

VM Mutex/Monitor currently owned by a thread: None

Heap
 def new generation   total 4992K, used 1337K [0x23a30000, 0x23f90000, 0x28f80000)
  eden space 4480K,  25% used [0x23a30000, 0x23b4be90, 0x23e90000)
  from space 512K,  39% used [0x23e90000, 0x23ec2578, 0x23f10000)
  to   space 512K,   0% used [0x23f10000, 0x23f10000, 0x23f90000)
 tenured generation   total 10944K, used 6297K [0x28f80000, 0x29a30000, 0x33a30000)
   the space 10944K,  57% used [0x28f80000, 0x295a6650, 0x295a6800, 0x29a30000)
 compacting perm gen  total 12288K, used 4761K [0x33a30000, 0x34630000, 0x37a30000)
   the space 12288K,  38% used [0x33a30000, 0x33ed6680, 0x33ed6800, 0x34630000)
    ro space 10240K,  54% used [0x37a30000, 0x37faeb78, 0x37faec00, 0x38430000)
    rw space 12288K,  55% used [0x38430000, 0x38ad49c8, 0x38ad4a00, 0x39030000)

Code Cache  [0x01a20000, 0x01bf0000, 0x03a20000)
 total_blobs=1155 nmethods=801 adapters=290 free_code_cache=31682304 largest_free_block=128

Dynamic libraries:
0x00400000 - 0x00424000 	C:\Program Files\Java\jdk1.6.0_26\jre\bin\java.exe
0x77a90000 - 0x77bcc000 	C:\Windows\SYSTEM32\ntdll.dll
0x763e0000 - 0x764b4000 	C:\Windows\system32\kernel32.dll
0x75cc0000 - 0x75d0a000 	C:\Windows\system32\KERNELBASE.dll
0x76190000 - 0x76230000 	C:\Windows\system32\ADVAPI32.dll
0x76010000 - 0x760bc000 	C:\Windows\system32\msvcrt.dll
0x76940000 - 0x76959000 	C:\Windows\SYSTEM32\sechost.dll
0x760d0000 - 0x76171000 	C:\Windows\system32\RPCRT4.dll
0x7c340000 - 0x7c396000 	C:\Program Files\Java\jdk1.6.0_26\jre\bin\msvcr71.dll
0x6d8a0000 - 0x6db4f000 	C:\Program Files\Java\jdk1.6.0_26\jre\bin\client\jvm.dll
0x76590000 - 0x76659000 	C:\Windows\system32\USER32.dll
0x766a0000 - 0x766ee000 	C:\Windows\system32\GDI32.dll
0x760c0000 - 0x760ca000 	C:\Windows\system32\LPK.dll
0x766f0000 - 0x7678d000 	C:\Windows\system32\USP10.dll
0x74240000 - 0x74272000 	C:\Windows\system32\WINMM.dll
0x76570000 - 0x7658f000 	C:\Windows\system32\IMM32.DLL
0x77bf0000 - 0x77cbc000 	C:\Windows\system32\MSCTF.dll
0x75b50000 - 0x75b9c000 	C:\Windows\system32\apphelp.dll
0x6d850000 - 0x6d85c000 	C:\Program Files\Java\jdk1.6.0_26\jre\bin\verify.dll
0x6d3d0000 - 0x6d3ef000 	C:\Program Files\Java\jdk1.6.0_26\jre\bin\java.dll
0x77be0000 - 0x77be5000 	C:\Windows\system32\PSAPI.DLL
0x6d890000 - 0x6d89f000 	C:\Program Files\Java\jdk1.6.0_26\jre\bin\zip.dll
0x6d0b0000 - 0x6d1fb000 	C:\Program Files\Java\jdk1.6.0_26\jre\bin\awt.dll
0x71350000 - 0x713a1000 	C:\Windows\system32\WINSPOOL.DRV
0x76230000 - 0x7638c000 	C:\Windows\system32\ole32.dll
0x74af0000 - 0x74c8e000 	C:\Windows\WinSxS\x86_microsoft.windows.common-controls_6595b64144ccf1df_6.0.7601.17514_none_41e6975e2bd6f2b2\COMCTL32.dll
0x77a30000 - 0x77a87000 	C:\Windows\system32\SHLWAPI.dll
0x71420000 - 0x714a4000 	C:\Windows\WinSxS\x86_microsoft.windows.common-controls_6595b64144ccf1df_5.82.7601.17514_none_ec83dffa859149af\comctl32.dll
0x74640000 - 0x74653000 	C:\Windows\system32\DWMAPI.DLL
0x74970000 - 0x749b0000 	C:\Windows\system32\uxtheme.dll
0x75ba0000 - 0x75bac000 	C:\Windows\system32\CRYPTBASE.dll
0x6d6b0000 - 0x6d6c3000 	C:\Program Files\Java\jdk1.6.0_26\jre\bin\net.dll
0x76660000 - 0x76695000 	C:\Windows\system32\WS2_32.dll
0x76180000 - 0x76186000 	C:\Windows\system32\NSI.dll
0x75690000 - 0x756cc000 	C:\Windows\system32\mswsock.dll
0x75680000 - 0x75686000 	C:\Windows\System32\wship6.dll
0x73860000 - 0x73870000 	C:\Windows\system32\NLAapi.dll
0x6d3c0000 - 0x6d3d0000 	C:\Windows\system32\napinsp.dll
0x6d3a0000 - 0x6d3b2000 	C:\Windows\system32\pnrpnsp.dll
0x6d390000 - 0x6d39d000 	C:\Windows\system32\wshbth.dll
0x6d360000 - 0x6d387000 	C:\Program Files\Common Files\Microsoft Shared\Windows Live\WLIDNSP.DLL
0x75550000 - 0x75594000 	C:\Windows\system32\DNSAPI.dll
0x6d350000 - 0x6d358000 	C:\Windows\System32\winrnr.dll
0x75170000 - 0x75175000 	C:\Windows\System32\wshtcpip.dll
0x73b30000 - 0x73b4c000 	C:\Windows\system32\IPHLPAPI.DLL
0x73b20000 - 0x73b27000 	C:\Windows\system32\WINNSI.DLL
0x6d340000 - 0x6d346000 	C:\Windows\system32\rasadhlp.dll
0x71bb0000 - 0x71be8000 	C:\Windows\System32\fwpuclnt.dll
0x756d0000 - 0x756e6000 	C:\Windows\system32\CRYPTSP.dll
0x75470000 - 0x754ab000 	C:\Windows\system32\rsaenh.dll
0x75240000 - 0x75257000 	C:\Windows\system32\USERENV.dll
0x75c20000 - 0x75c2b000 	C:\Windows\system32\profapi.dll
0x6d7a0000 - 0x6d7a6000 	C:\Program Files\Java\jdk1.6.0_26\jre\bin\rmi.dll
0x71b40000 - 0x71b52000 	C:\Windows\system32\dhcpcsvc.DLL
0x71b30000 - 0x71b3d000 	C:\Windows\system32\dhcpcsvc6.DLL
0x6d2e0000 - 0x6d32f000 	C:\Program Files\Java\jdk1.6.0_26\jre\bin\fontmanager.dll
0x76960000 - 0x775aa000 	C:\Windows\system32\shell32.dll
0x10000000 - 0x1004d000 	C:\Users\Vadik\Desktop\leeps\CONGv2.0\trunk\lib\jogl.dll
0x57cc0000 - 0x57d88000 	C:\Windows\system32\OPENGL32.dll
0x66cd0000 - 0x66cf2000 	C:\Windows\system32\GLU32.dll
0x61750000 - 0x61837000 	C:\Windows\system32\DDRAW.dll
0x71e40000 - 0x71e46000 	C:\Windows\system32\DCIMAN32.dll
0x77890000 - 0x77a2d000 	C:\Windows\system32\SETUPAPI.dll
0x75ef0000 - 0x75f17000 	C:\Windows\system32\CFGMGR32.dll
0x75f20000 - 0x75faf000 	C:\Windows\system32\OLEAUT32.dll
0x75ca0000 - 0x75cb2000 	C:\Windows\system32\DEVOBJ.dll
0x6d400000 - 0x6d406000 	C:\Program Files\Java\jdk1.6.0_26\jre\bin\jawt.dll
0x003f0000 - 0x003f5000 	C:\Users\Vadik\Desktop\leeps\CONGv2.0\trunk\lib\jogl_awt.dll
0x06560000 - 0x07004000 	C:\Windows\system32\ig4icd32.dll
0x6d6d0000 - 0x6d6d9000 	C:\Program Files\Java\jdk1.6.0_26\jre\bin\nio.dll

VM Arguments:
jvm_args: -Dfire.debug -Dfire.id=client_2 -Djava.library.path=lib -ea 
java_command: edu.ucsc.leeps.fire.cong.client.Client
Launcher Type: SUN_STANDARD

Environment Variables:
CLASSPATH=.;C:\Program Files\Java\jre6\lib\ext\QTJava.zip
PATH=C:\Program Files\Microsoft DirectX SDK (August 2007)\Utilities\Bin\x86;C:\Program Files\Common Files\Microsoft Shared\Windows Live;C:\Program Files\PC Connectivity Solution\;C:\Windows\system32;C:\Windows;C:\Windows\system32\wbem;C:\Program Files\Common Files\GTK\2.0\bin;C:\Program Files\Common Files\DivX Shared\;C:\Windows\system32;C:\Windows;C:\Windows\System32\Wbem;C:\Windows\System32\WindowsPowerShell\v1.0\;C:\Program Files\Java\jdk1.6.0_19\bin\;C:\Program Files\Windows Live\Shared;c:\Program Files\Microsoft SQL Server\100\Tools\Binn\;c:\Program Files\Microsoft SQL Server\100\DTS\Binn\;C:\Program Files\QuickTime\QTSystem\;C:\Program Files\Intel\WiFi\bin\;C:\Program Files\Common Files\Intel\WirelessCommon\;C:\Program Files\doxygen\bin;C:\Program Files\TortoiseSVN\bin;C:\Git\cmd;C:\Program Files\TortoiseGit\bin;C:\Program Files\Intel\WiFi\bin\;C:\Program Files\Common Files\Intel\WirelessCommon\
USERNAME=Vadik
OS=Windows_NT
PROCESSOR_IDENTIFIER=x86 Family 6 Model 23 Stepping 10, GenuineIntel



---------------  S Y S T E M  ---------------

OS: Windows 7 Build 7601 Service Pack 1

CPU:total 2 (2 cores per cpu, 1 threads per core) family 6 model 23 stepping 10, cmov, cx8, fxsr, mmx, sse, sse2, sse3, ssse3, sse4.1

Memory: 4k page, physical 3103600k(1089140k free), swap 6205444k(3946680k free)

vm_info: Java HotSpot(TM) Client VM (20.1-b02) for windows-x86 JRE (1.6.0_26-b03), built on May  4 2011 00:50:59 by "java_re" with MS VC++ 7.1 (VS2003)

time: Mon Mar 12 12:04:21 2012
elapsed time: 39 seconds

