#
# A fatal error has been detected by the Java Runtime Environment:
#
#  EXCEPTION_ACCESS_VIOLATION (0xc0000005) at pc=0x04dd595b, pid=4844, tid=5488
#
# JRE version: 6.0_26-b03
# Java VM: Java HotSpot(TM) Client VM (20.1-b02 mixed mode, sharing windows-x86 )
# Problematic frame:
# C  [ig4icd32.dll+0x56595b]
#
# If you would like to submit a bug report, please visit:
#   http://java.sun.com/webapps/bugreport/crash.jsp
# The crash happened outside the Java Virtual Machine in native code.
# See problematic frame for where to report the bug.
#

---------------  T H R E A D  ---------------

Current thread (0x03e3d400):  JavaThread "Animation Thread" [_thread_in_native, id=5488, stack(0x05600000,0x05650000)]

siginfo: ExceptionCode=0xc0000005, writing address 0x00000000

Registers:
EAX=0x0778ee80, EBX=0x00000000, ECX=0x07653ce8, EDX=0x00000008
ESP=0x0564f55c, EBP=0x00000002, ESI=0x00000000, EDI=0x0028fdc0
EIP=0x04dd595b, EFLAGS=0x00010202

Top of Stack: (sp=0x0564f55c)
0x0564f55c:   00000002 00000000 04dd5a64 41fc0000
0x0564f56c:   43276600 07653ce8 04dd0884 00000000
0x0564f57c:   0765b878 04dd07e0 07653ce8 0765027f
0x0564f58c:   00000000 07653ce8 04dcf5d4 00000000
0x0564f59c:   00000003 07653ce8 07787dc0 00fc8703
0x0564f5ac:   04901da4 00000002 00fc8703 00000000
0x0564f5bc:   04901cc0 00080038 0490258c 07653ce8
0x0564f5cc:   048efce3 03e3d400 07653ce8 0564f5f8 

Instructions: (pc=0x04dd595b)
0x04dd593b:   05 00 d8 60 04 de e9 eb 09 d9 81 2c 26 05 00 d8
0x04dd594b:   60 04 d9 5c 24 10 83 c2 04 d9 44 24 0c 83 c2 04
0x04dd595b:   d9 5a f8 83 c2 04 d9 44 24 10 83 c2 04 d9 5a f4
0x04dd596b:   8b 89 0c 71 00 00 8b 41 04 8b 04 b0 0f af 41 08 


Register to memory mapping:

EAX=0x0778ee80 is an unknown value
EBX=0x00000000 is an unknown value
ECX=0x07653ce8 is an unknown value
EDX=0x00000008 is an unknown value
ESP=0x0564f55c is pointing into the stack for thread: 0x03e3d400
EBP=0x00000002 is an unknown value
ESI=0x00000000 is an unknown value
EDI=0x0028fdc0 is an unknown value


Stack: [0x05600000,0x05650000],  sp=0x0564f55c,  free space=317k
Native frames: (J=compiled Java code, j=interpreted, Vv=VM code, C=native code)
C  [ig4icd32.dll+0x56595b]  ShCompile+0x11543b

Java frames: (J=compiled Java code, j=interpreted, Vv=VM code)
J  com.sun.opengl.impl.GLImpl.glEnable(I)V
J  processing.opengl.PGraphicsOpenGL.renderTriangles(II)V
J  processing.core.PGraphics3D.endShape(I)V
J  processing.core.PGraphics.imageImpl(Lprocessing/core/PImage;FFFFIIII)V
j  processing.core.PGraphics.image(Lprocessing/core/PImage;FF)V+128
j  processing.core.PApplet.image(Lprocessing/core/PImage;FF)V+24
j  edu.ucsc.leeps.fire.cong.client.gui.Slider.draw(Ledu/ucsc/leeps/fire/cong/client/Client;)V+330
j  edu.ucsc.leeps.fire.cong.client.gui.OneStrategyStripSelector.draw(Ledu/ucsc/leeps/fire/cong/client/Client;)V+429
j  edu.ucsc.leeps.fire.cong.client.Client.doDraw()V+245
j  edu.ucsc.leeps.fire.cong.client.Client.draw()V+1
j  processing.core.PApplet.handleDraw()V+145
j  processing.core.PApplet.run()V+51
j  java.lang.Thread.run()V+11
v  ~StubRoutines::call_stub

---------------  P R O C E S S  ---------------

Java Threads: ( => current thread )
  0x03f50000 JavaThread "RMI TCP Connection(4)-192.168.1.4" daemon [_thread_in_native, id=5856, stack(0x08bf0000,0x08c40000)]
  0x03f4fc00 JavaThread "Thread-6" [_thread_blocked, id=4904, stack(0x05570000,0x055c0000)]
  0x03f4f400 JavaThread "DestroyJavaVM" [_thread_blocked, id=4756, stack(0x00360000,0x003b0000)]
  0x03f4f000 JavaThread "RMI TCP Connection(3)-192.168.1.4" daemon [_thread_in_native, id=5944, stack(0x05810000,0x05860000)]
  0x03f4e800 JavaThread "RMI TCP Connection(1)-192.168.1.4" daemon [_thread_in_Java, id=5468, stack(0x057c0000,0x05810000)]
  0x03f4e000 JavaThread "Thread-5" [_thread_blocked, id=1024, stack(0x056f0000,0x05740000)]
  0x03e93800 JavaThread "Thread-3" [_thread_blocked, id=3752, stack(0x056a0000,0x056f0000)]
  0x03e3b800 JavaThread "AWT-EventQueue-0" [_thread_blocked, id=1668, stack(0x05650000,0x056a0000)]
=>0x03e3d400 JavaThread "Animation Thread" [_thread_in_native, id=5488, stack(0x05600000,0x05650000)]
  0x03e82c00 JavaThread "AWT-Shutdown" [_thread_blocked, id=1672, stack(0x047b0000,0x04800000)]
  0x03e81800 JavaThread "RMI Reaper" [_thread_blocked, id=3984, stack(0x046e0000,0x04730000)]
  0x03f0a000 JavaThread "RMI TCP Accept-0" daemon [_thread_in_native, id=5452, stack(0x04660000,0x046b0000)]
  0x03f09400 JavaThread "GC Daemon" daemon [_thread_blocked, id=3928, stack(0x04600000,0x04650000)]
  0x03f08c00 JavaThread "RMI RenewClean-[192.168.1.4:1198,gnu.cajo.invoke.Remote$RCSF@22cdf5]" daemon [_thread_blocked, id=5476, stack(0x04470000,0x044c0000)]
  0x03e6d400 JavaThread "RMI Scheduler(0)" daemon [_thread_blocked, id=4700, stack(0x043d0000,0x04420000)]
  0x03e57c00 JavaThread "AWT-Windows" daemon [_thread_in_native, id=1460, stack(0x042c0000,0x04310000)]
  0x03e48c00 JavaThread "Java2D Disposer" daemon [_thread_blocked, id=3396, stack(0x03fe0000,0x04030000)]
  0x01a55000 JavaThread "Low Memory Detector" daemon [_thread_blocked, id=3552, stack(0x03d40000,0x03d90000)]
  0x01a49800 JavaThread "C1 CompilerThread0" daemon [_thread_blocked, id=4732, stack(0x03cf0000,0x03d40000)]
  0x01a48800 JavaThread "Attach Listener" daemon [_thread_blocked, id=3972, stack(0x03ca0000,0x03cf0000)]
  0x01a45800 JavaThread "Signal Dispatcher" daemon [_thread_blocked, id=2648, stack(0x03c50000,0x03ca0000)]
  0x01a41c00 JavaThread "Finalizer" daemon [_thread_blocked, id=2280, stack(0x03c00000,0x03c50000)]
  0x01a3d400 JavaThread "Reference Handler" daemon [_thread_blocked, id=4800, stack(0x03bb0000,0x03c00000)]

Other Threads:
  0x01a01000 VMThread [stack: 0x03b60000,0x03bb0000] [id=4472]
  0x01a56c00 WatcherThread [stack: 0x03d90000,0x03de0000] [id=5588]

VM state:not at safepoint (normal execution)

VM Mutex/Monitor currently owned by a thread: None

Heap
 def new generation   total 4992K, used 3319K [0x23a30000, 0x23f90000, 0x28f80000)
  eden space 4480K,  72% used [0x23a30000, 0x23d5c0f0, 0x23e90000)
  from space 512K,  13% used [0x23e90000, 0x23ea1c80, 0x23f10000)
  to   space 512K,   0% used [0x23f10000, 0x23f10000, 0x23f90000)
 tenured generation   total 10944K, used 6384K [0x28f80000, 0x29a30000, 0x33a30000)
   the space 10944K,  58% used [0x28f80000, 0x295bc130, 0x295bc200, 0x29a30000)
 compacting perm gen  total 12288K, used 4759K [0x33a30000, 0x34630000, 0x37a30000)
   the space 12288K,  38% used [0x33a30000, 0x33ed5c98, 0x33ed5e00, 0x34630000)
    ro space 10240K,  54% used [0x37a30000, 0x37faeb78, 0x37faec00, 0x38430000)
    rw space 12288K,  55% used [0x38430000, 0x38ad49c8, 0x38ad4a00, 0x39030000)

Code Cache  [0x01ad0000, 0x01c70000, 0x03ad0000)
 total_blobs=1047 nmethods=693 adapters=290 free_code_cache=31865472 largest_free_block=192

Dynamic libraries:
0x00400000 - 0x00424000 	C:\Program Files\Java\jdk1.6.0_26\jre\bin\java.exe
0x77820000 - 0x7795c000 	C:\Windows\SYSTEM32\ntdll.dll
0x76fb0000 - 0x77084000 	C:\Windows\system32\kernel32.dll
0x75c30000 - 0x75c7a000 	C:\Windows\system32\KERNELBASE.dll
0x75e20000 - 0x75ec0000 	C:\Windows\system32\ADVAPI32.dll
0x775f0000 - 0x7769c000 	C:\Windows\system32\msvcrt.dll
0x77a30000 - 0x77a49000 	C:\Windows\SYSTEM32\sechost.dll
0x77770000 - 0x77811000 	C:\Windows\system32\RPCRT4.dll
0x7c340000 - 0x7c396000 	C:\Program Files\Java\jdk1.6.0_26\jre\bin\msvcr71.dll
0x6d8a0000 - 0x6db4f000 	C:\Program Files\Java\jdk1.6.0_26\jre\bin\client\jvm.dll
0x776a0000 - 0x77769000 	C:\Windows\system32\USER32.dll
0x75f90000 - 0x75fde000 	C:\Windows\system32\GDI32.dll
0x77960000 - 0x7796a000 	C:\Windows\system32\LPK.dll
0x77130000 - 0x771cd000 	C:\Windows\system32\USP10.dll
0x73c50000 - 0x73c82000 	C:\Windows\system32\WINMM.dll
0x77090000 - 0x770af000 	C:\Windows\system32\IMM32.DLL
0x75ec0000 - 0x75f8c000 	C:\Windows\system32\MSCTF.dll
0x758e0000 - 0x7592c000 	C:\Windows\system32\apphelp.dll
0x6d850000 - 0x6d85c000 	C:\Program Files\Java\jdk1.6.0_26\jre\bin\verify.dll
0x6d3d0000 - 0x6d3ef000 	C:\Program Files\Java\jdk1.6.0_26\jre\bin\java.dll
0x77980000 - 0x77985000 	C:\Windows\system32\PSAPI.DLL
0x6d890000 - 0x6d89f000 	C:\Program Files\Java\jdk1.6.0_26\jre\bin\zip.dll
0x6d0b0000 - 0x6d1fb000 	C:\Program Files\Java\jdk1.6.0_26\jre\bin\awt.dll
0x71220000 - 0x71271000 	C:\Windows\system32\WINSPOOL.DRV
0x76d00000 - 0x76e5c000 	C:\Windows\system32\ole32.dll
0x74880000 - 0x74a1e000 	C:\Windows\WinSxS\x86_microsoft.windows.common-controls_6595b64144ccf1df_6.0.7601.17514_none_41e6975e2bd6f2b2\COMCTL32.dll
0x771d0000 - 0x77227000 	C:\Windows\system32\SHLWAPI.dll
0x712f0000 - 0x71374000 	C:\Windows\WinSxS\x86_microsoft.windows.common-controls_6595b64144ccf1df_5.82.7601.17514_none_ec83dffa859149af\comctl32.dll
0x742c0000 - 0x742d3000 	C:\Windows\system32\DWMAPI.DLL
0x74700000 - 0x74740000 	C:\Windows\system32\uxtheme.dll
0x75930000 - 0x7593c000 	C:\Windows\system32\CRYPTBASE.dll
0x6d6b0000 - 0x6d6c3000 	C:\Program Files\Java\jdk1.6.0_26\jre\bin\net.dll
0x76cc0000 - 0x76cf5000 	C:\Windows\system32\WS2_32.dll
0x77990000 - 0x77996000 	C:\Windows\system32\NSI.dll
0x75420000 - 0x7545c000 	C:\Windows\system32\mswsock.dll
0x75410000 - 0x75416000 	C:\Windows\System32\wship6.dll
0x73670000 - 0x73680000 	C:\Windows\system32\NLAapi.dll
0x003f0000 - 0x00400000 	C:\Windows\system32\napinsp.dll
0x04040000 - 0x04052000 	C:\Windows\system32\pnrpnsp.dll
0x005d0000 - 0x005dd000 	C:\Windows\system32\wshbth.dll
0x04270000 - 0x04297000 	C:\Program Files\Common Files\Microsoft Shared\Windows Live\WLIDNSP.DLL
0x752e0000 - 0x75324000 	C:\Windows\system32\DNSAPI.dll
0x00db0000 - 0x00db8000 	C:\Windows\System32\winrnr.dll
0x74f00000 - 0x74f05000 	C:\Windows\System32\wshtcpip.dll
0x737c0000 - 0x737dc000 	C:\Windows\system32\IPHLPAPI.DLL
0x737b0000 - 0x737b7000 	C:\Windows\system32\WINNSI.DLL
0x04060000 - 0x04066000 	C:\Windows\system32\rasadhlp.dll
0x71920000 - 0x71958000 	C:\Windows\System32\fwpuclnt.dll
0x75460000 - 0x75476000 	C:\Windows\system32\CRYPTSP.dll
0x75200000 - 0x7523b000 	C:\Windows\system32\rsaenh.dll
0x74fd0000 - 0x74fe7000 	C:\Windows\system32\USERENV.dll
0x759b0000 - 0x759bb000 	C:\Windows\system32\profapi.dll
0x6d7a0000 - 0x6d7a6000 	C:\Program Files\Java\jdk1.6.0_26\jre\bin\rmi.dll
0x718e0000 - 0x718f2000 	C:\Windows\system32\dhcpcsvc.DLL
0x718d0000 - 0x718dd000 	C:\Windows\system32\dhcpcsvc6.DLL
0x6d2e0000 - 0x6d32f000 	C:\Program Files\Java\jdk1.6.0_26\jre\bin\fontmanager.dll
0x76070000 - 0x76cba000 	C:\Windows\system32\shell32.dll
0x75fe0000 - 0x7606f000 	C:\Windows\system32\OLEAUT32.DLL
0x10000000 - 0x1004d000 	C:\Users\Vadik\Desktop\leeps\CONGv2.0\trunk\lib\jogl.dll
0x60dd0000 - 0x60e98000 	C:\Windows\system32\OPENGL32.dll
0x71d80000 - 0x71da2000 	C:\Windows\system32\GLU32.dll
0x60ce0000 - 0x60dc7000 	C:\Windows\system32\DDRAW.dll
0x73fc0000 - 0x73fc6000 	C:\Windows\system32\DCIMAN32.dll
0x773f0000 - 0x7758d000 	C:\Windows\system32\SETUPAPI.dll
0x75a30000 - 0x75a57000 	C:\Windows\system32\CFGMGR32.dll
0x75af0000 - 0x75b02000 	C:\Windows\system32\DEVOBJ.dll
0x6d400000 - 0x6d406000 	C:\Program Files\Java\jdk1.6.0_26\jre\bin\jawt.dll
0x042b0000 - 0x042b5000 	C:\Users\Vadik\Desktop\leeps\CONGv2.0\trunk\lib\jogl_awt.dll
0x04870000 - 0x05314000 	C:\Windows\system32\ig4icd32.dll
0x6d6d0000 - 0x6d6d9000 	C:\Program Files\Java\jdk1.6.0_26\jre\bin\nio.dll

VM Arguments:
jvm_args: -Dfire.debug -Dfire.id=client_2 -Djava.library.path=lib -ea 
java_command: edu.ucsc.leeps.fire.cong.client.Client
Launcher Type: SUN_STANDARD

Environment Variables:
CLASSPATH=.;C:\Program Files\Java\jre6\lib\ext\QTJava.zip
PATH=C:\Program Files\Microsoft DirectX SDK (August 2007)\Utilities\Bin\x86;C:\Program Files\Common Files\Microsoft Shared\Windows Live;C:\Program Files\PC Connectivity Solution\;C:\Windows\system32;C:\Windows;C:\Windows\system32\wbem;C:\Program Files\Common Files\GTK\2.0\bin;C:\Program Files\Common Files\DivX Shared\;C:\Windows\system32;C:\Windows;C:\Windows\System32\Wbem;C:\Windows\System32\WindowsPowerShell\v1.0\;C:\Program Files\Java\jdk1.6.0_19\bin\;C:\Program Files\Windows Live\Shared;c:\Program Files\Microsoft SQL Server\100\Tools\Binn\;c:\Program Files\Microsoft SQL Server\100\DTS\Binn\;C:\Program Files\QuickTime\QTSystem\;C:\Program Files\Intel\WiFi\bin\;C:\Program Files\Common Files\Intel\WirelessCommon\;C:\Program Files\doxygen\bin;C:\Program Files\TortoiseSVN\bin;C:\Git\cmd;C:\Program Files\TortoiseGit\bin;C:\Program Files\Intel\WiFi\bin\;C:\Program Files\Common Files\Intel\WirelessCommon\
USERNAME=Vadik
OS=Windows_NT
PROCESSOR_IDENTIFIER=x86 Family 6 Model 23 Stepping 10, GenuineIntel



---------------  S Y S T E M  ---------------

OS: Windows 7 Build 7601 Service Pack 1

CPU:total 2 (2 cores per cpu, 1 threads per core) family 6 model 23 stepping 10, cmov, cx8, fxsr, mmx, sse, sse2, sse3, ssse3, sse4.1

Memory: 4k page, physical 3103600k(1193352k free), swap 6205444k(4054556k free)

vm_info: Java HotSpot(TM) Client VM (20.1-b02) for windows-x86 JRE (1.6.0_26-b03), built on May  4 2011 00:50:59 by "java_re" with MS VC++ 7.1 (VS2003)

time: Mon Apr 09 09:01:24 2012
elapsed time: 49 seconds

